<?xml version="1.0" encoding="utf-8"?><testsuites name="pytest tests"><testsuite name="pytest" errors="0" failures="1" skipped="0" tests="38" time="20.049" timestamp="2026-03-09T19:30:09.630532+00:00" hostname="agent-env-0877ac48-b48f-48f3-bcf5-0c028bf1a804"><testcase classname="backend.tests.test_auth_system.TestAuthLogin" name="test_login_with_valid_admin_credentials" time="0.147" /><testcase classname="backend.tests.test_auth_system.TestAuthLogin" name="test_login_with_invalid_username" time="0.146" /><testcase classname="backend.tests.test_auth_system.TestAuthLogin" name="test_login_with_invalid_password" time="0.133" /><testcase classname="backend.tests.test_auth_system.TestAuthLogin" name="test_login_with_empty_credentials" time="0.126" /><testcase classname="backend.tests.test_auth_system.TestAuthMe" name="test_me_with_valid_token" time="0.155" /><testcase classname="backend.tests.test_auth_system.TestAuthMe" name="test_me_without_token" time="0.118" /><testcase classname="backend.tests.test_auth_system.TestAuthMe" name="test_me_with_invalid_token" time="0.124" /><testcase classname="backend.tests.test_auth_system.TestUsersCRUD" name="test_list_users_as_admin" time="0.128" /><testcase classname="backend.tests.test_auth_system.TestUsersCRUD" name="test_list_users_without_auth" time="0.113" /><testcase classname="backend.tests.test_auth_system.TestUsersCRUD" name="test_create_new_user" time="0.109" /><testcase classname="backend.tests.test_auth_system.TestUsersCRUD" name="test_create_duplicate_user_fails" time="0.128" /><testcase classname="backend.tests.test_auth_system.TestUsersCRUD" name="test_update_user" time="0.125" /><testcase classname="backend.tests.test_auth_system.TestUsersCRUD" name="test_delete_user" time="0.142" /><testcase classname="backend.tests.test_auth_system.TestUsersCRUD" name="test_admin_cannot_delete_self" time="0.228" /><testcase classname="backend.tests.test_auth_system.TestAccessLogs" name="test_access_logs_as_admin" time="0.241" /><testcase classname="backend.tests.test_auth_system.TestAccessLogs" name="test_access_logs_without_auth" time="0.122" /><testcase classname="backend.tests.test_auth_system.TestProtectedEndpoints" name="test_stations_endpoint_is_public" time="0.112" /><testcase classname="backend.tests.test_auth_system.TestProtectedEndpoints" name="test_route_calculation_is_public" time="0.485" /><testcase classname="backend.tests.test_auth_system.TestLoginAndDashboardFlow" name="test_complete_login_flow" time="0.564" /><testcase classname="backend.tests.test_fleet_api.TestHealthAndBasics" name="test_api_health" time="0.117" /><testcase classname="backend.tests.test_fleet_api.TestHealthAndBasics" name="test_api_root" time="0.118" /><testcase classname="backend.tests.test_fleet_api.TestStationsCRUD" name="test_get_stations_list" time="0.116" /><testcase classname="backend.tests.test_fleet_api.TestStationsCRUD" name="test_create_station" time="0.120" /><testcase classname="backend.tests.test_fleet_api.TestStationsCRUD" name="test_update_station" time="0.125" /><testcase classname="backend.tests.test_fleet_api.TestStationsCRUD" name="test_delete_station" time="0.305" /><testcase classname="backend.tests.test_fleet_api.TestCitySearch" name="test_search_cities_porto" time="0.518" /><testcase classname="backend.tests.test_fleet_api.TestCitySearch" name="test_search_cities_sao_paulo" time="0.476" /><testcase classname="backend.tests.test_fleet_api.TestCitySearch" name="test_search_cities_recife" time="0.437" /><testcase classname="backend.tests.test_fleet_api.TestCitySearch" name="test_search_cities_short_query" time="0.108" /><testcase classname="backend.tests.test_fleet_api.TestRouteCalculation" name="test_route_porto_alegre_to_sao_paulo" time="0.765" /><testcase classname="backend.tests.test_fleet_api.TestRouteCalculation" name="test_route_porto_alegre_to_recife" time="1.560" /><testcase classname="backend.tests.test_fleet_api.TestRouteCalculation" name="test_route_with_waypoints" time="0.802" /><testcase classname="backend.tests.test_fleet_api.TestRouteCalculation" name="test_route_invalid_city" time="1.831"><failure message="assert 200 == 400&#10; +  where 200 = &lt;Response [200]&gt;.status_code">backend/tests/test_fleet_api.py:250: in test_route_invalid_city
    assert response.status_code == 400
E   assert 200 == 400
E    +  where 200 = &lt;Response [200]&gt;.status_code</failure></testcase><testcase classname="backend.tests.test_fleet_api.TestFuelPlanning" name="test_plan_fuel_stops" time="6.717" /><testcase classname="backend.tests.test_fleet_api.TestServiceOrder" name="test_generate_service_order" time="1.430" /><testcase classname="backend.tests.test_fleet_api.TestSeedData" name="test_seed_stations" time="0.120" /><testcase classname="backend.tests.test_fleet_api.TestBugFixes" name="test_bug1_marker_icon_and_color_persistence" time="0.503" /><testcase classname="backend.tests.test_fleet_api.TestBugFixes" name="test_station_update_preserves_other_fields" time="0.339" /></testsuite></testsuites>