<?xml version="1.0" encoding="utf-8"?><testsuites name="pytest tests"><testsuite name="pytest" errors="0" failures="0" skipped="0" tests="17" time="11.090" timestamp="2026-01-24T01:38:28.364842+00:00" hostname="agent-env-863e7c8e-2d12-4942-b011-a5d7c09e1acf"><testcase classname="backend.tests.test_fleet_api.TestHealthAndBasics" name="test_api_health" time="0.104" /><testcase classname="backend.tests.test_fleet_api.TestHealthAndBasics" name="test_api_root" time="0.039" /><testcase classname="backend.tests.test_fleet_api.TestStationsCRUD" name="test_get_stations_list" time="0.038" /><testcase classname="backend.tests.test_fleet_api.TestStationsCRUD" name="test_create_station" time="0.040" /><testcase classname="backend.tests.test_fleet_api.TestStationsCRUD" name="test_update_station" time="0.043" /><testcase classname="backend.tests.test_fleet_api.TestStationsCRUD" name="test_delete_station" time="0.087" /><testcase classname="backend.tests.test_fleet_api.TestCitySearch" name="test_search_cities_porto" time="0.100" /><testcase classname="backend.tests.test_fleet_api.TestCitySearch" name="test_search_cities_sao_paulo" time="0.074" /><testcase classname="backend.tests.test_fleet_api.TestCitySearch" name="test_search_cities_recife" time="0.079" /><testcase classname="backend.tests.test_fleet_api.TestCitySearch" name="test_search_cities_short_query" time="0.039" /><testcase classname="backend.tests.test_fleet_api.TestRouteCalculation" name="test_route_porto_alegre_to_sao_paulo" time="1.447" /><testcase classname="backend.tests.test_fleet_api.TestRouteCalculation" name="test_route_porto_alegre_to_recife" time="1.880" /><testcase classname="backend.tests.test_fleet_api.TestRouteCalculation" name="test_route_with_waypoints" time="1.253" /><testcase classname="backend.tests.test_fleet_api.TestRouteCalculation" name="test_route_invalid_city" time="0.096" /><testcase classname="backend.tests.test_fleet_api.TestFuelPlanning" name="test_plan_fuel_stops" time="4.637" /><testcase classname="backend.tests.test_fleet_api.TestServiceOrder" name="test_generate_service_order" time="0.943" /><testcase classname="backend.tests.test_fleet_api.TestSeedData" name="test_seed_stations" time="0.066" /></testsuite></testsuites>