<?xml version="1.0" encoding="utf-8"?><testsuites name="pytest tests"><testsuite name="pytest" errors="0" failures="1" skipped="0" tests="17" time="13.040" timestamp="2026-01-28T00:38:17.439451+00:00" hostname="agent-env-20c90f1f-0a2d-4801-bccc-3669fbffd341"><testcase classname="backend.tests.test_fleet_api.TestHealthAndBasics" name="test_api_health" time="0.062" /><testcase classname="backend.tests.test_fleet_api.TestHealthAndBasics" name="test_api_root" time="0.035" /><testcase classname="backend.tests.test_fleet_api.TestStationsCRUD" name="test_get_stations_list" time="0.042" /><testcase classname="backend.tests.test_fleet_api.TestStationsCRUD" name="test_create_station" time="0.042" /><testcase classname="backend.tests.test_fleet_api.TestStationsCRUD" name="test_update_station" time="0.040" /><testcase classname="backend.tests.test_fleet_api.TestStationsCRUD" name="test_delete_station" time="0.083" /><testcase classname="backend.tests.test_fleet_api.TestCitySearch" name="test_search_cities_porto" time="0.162" /><testcase classname="backend.tests.test_fleet_api.TestCitySearch" name="test_search_cities_sao_paulo" time="0.321" /><testcase classname="backend.tests.test_fleet_api.TestCitySearch" name="test_search_cities_recife" time="0.289" /><testcase classname="backend.tests.test_fleet_api.TestCitySearch" name="test_search_cities_short_query" time="0.037" /><testcase classname="backend.tests.test_fleet_api.TestRouteCalculation" name="test_route_porto_alegre_to_sao_paulo" time="0.633" /><testcase classname="backend.tests.test_fleet_api.TestRouteCalculation" name="test_route_porto_alegre_to_recife" time="1.141" /><testcase classname="backend.tests.test_fleet_api.TestRouteCalculation" name="test_route_with_waypoints" time="0.598" /><testcase classname="backend.tests.test_fleet_api.TestRouteCalculation" name="test_route_invalid_city" time="1.247"><failure message="assert 200 == 400&#10; +  where 200 = &lt;Response [200]&gt;.status_code">backend/tests/test_fleet_api.py:250: in test_route_invalid_city
    assert response.status_code == 400
E   assert 200 == 400
E    +  where 200 = &lt;Response [200]&gt;.status_code</failure></testcase><testcase classname="backend.tests.test_fleet_api.TestFuelPlanning" name="test_plan_fuel_stops" time="6.886" /><testcase classname="backend.tests.test_fleet_api.TestServiceOrder" name="test_generate_service_order" time="1.247" /><testcase classname="backend.tests.test_fleet_api.TestSeedData" name="test_seed_stations" time="0.040" /></testsuite></testsuites>